#
# There is insufficient memory for the Java Runtime Environment to continue.
# Native memory allocation (malloc) failed to allocate 1048576 bytes for AllocateHeap
# Possible reasons:
#   The system is out of physical RAM or swap space
#   The process is running with CompressedOops enabled, and the Java Heap may be blocking the growth of the native heap
# Possible solutions:
#   Reduce memory load on the system
#   Increase physical memory or swap space
#   Check if swap backing store is full
#   Decrease Java heap size (-Xmx/-Xms)
#   Decrease number of Java threads
#   Decrease Java thread stack sizes (-Xss)
#   Set larger code cache with -XX:ReservedCodeCacheSize=
#   JVM is running with Unscaled Compressed Oops mode in which the Java heap is
#     placed in the first 4GB address space. The Java Heap base address is the
#     maximum limit for the native heap growth. Please use -XX:HeapBaseMinAddress
#     to set the Java Heap base and to place the Java Heap above 4GB virtual address.
# This output file may be truncated or incomplete.
#
#  Out of Memory Error (t:/workspace/open/src/hotspot/share/memory/allocation.cpp:46), pid=12488, tid=31708
#
# JRE version:  (12.0.2+10) (build )
# Java VM: Java HotSpot(TM) 64-Bit Server VM (12.0.2+10, mixed mode, aot, sharing, tiered, compressed oops, g1 gc, windows-amd64)
# No core dump will be written. Minidumps are not enabled by default on client versions of Windows
#

---------------  S U M M A R Y ------------

Command Line: -Dfile.encoding=Cp1252 docComments.laptopList

Host: Intel(R) Core(TM) i5-8250U CPU @ 1.60GHz, 8 cores, 7G,  Windows 10 , 64 bit Build 19041 (10.0.19041.1151)
Time: Sat Sep  4 22:55:35 2021 Mountain Daylight Time elapsed time: 0 seconds (0d 0h 0m 0s)

---------------  T H R E A D  ---------------

Current thread (0x000001e4f2674800):  JavaThread "Unknown thread" [_thread_in_vm, id=31708, stack(0x00000077cef00000,0x00000077cf000000)]

Stack: [0x00000077cef00000,0x00000077cf000000]
Native frames: (J=compiled Java code, j=interpreted, Vv=VM code, C=native code)
V  [jvm.dll+0x63aa2a]
V  [jvm.dll+0x78ce1e]
V  [jvm.dll+0x78e4c1]
V  [jvm.dll+0x78eb13]
V  [jvm.dll+0x2627e8]
V  [jvm.dll+0xbcabf]
V  [jvm.dll+0x2f3f29]
V  [jvm.dll+0x2ea907]
V  [jvm.dll+0x767257]
V  [jvm.dll+0x7689f5]
V  [jvm.dll+0x380059]
V  [jvm.dll+0x74b794]
V  [jvm.dll+0x3ef5cd]
V  [jvm.dll+0x3f1471]
C  [jli.dll+0x51cf]
C  [ucrtbase.dll+0x21bb2]
C  [KERNEL32.DLL+0x17034]
C  [ntdll.dll+0x52651]


---------------  P R O C E S S  ---------------

Threads class SMR info:
_java_thread_list=0x00007ff824757928, length=0, elements={
}

Java Threads: ( => current thread )

Other Threads:

[error occurred during error reporting (printing all threads), id 0xc0000005, EXCEPTION_ACCESS_VIOLATION (0xc0000005) at pc=0x00007ff8243d04c7]

VM state:not at safepoint (not fully initialized)

VM Mutex/Monitor currently owned by a thread: None


[error occurred during error reporting (printing compressed oops mode), id 0xc0000005, EXCEPTION_ACCESS_VIOLATION (0xc0000005) at pc=0x00007ff8243e8097]

GC Heap History (0 events):
No events

Deoptimization events (0 events):
No events

Classes redefined (0 events):
No events

Internal exceptions (0 events):
No events

Events (0 events):
No events


Dynamic libraries:
0x00007ff790020000 - 0x00007ff79002f000 	C:\Program Files\Java\jdk-12.0.2\bin\javaw.exe
0x00007ff89e8d0000 - 0x00007ff89eac5000 	C:\WINDOWS\SYSTEM32\ntdll.dll
0x00007ff89e180000 - 0x00007ff89e23d000 	C:\WINDOWS\System32\KERNEL32.DLL
0x00007ff89c1b0000 - 0x00007ff89c479000 	C:\WINDOWS\System32\KERNELBASE.dll
0x00007ff89c480000 - 0x00007ff89c580000 	C:\WINDOWS\System32\ucrtbase.dll
0x00007ff889eb0000 - 0x00007ff889ec8000 	C:\Program Files\Java\jdk-12.0.2\bin\jli.dll
0x00007ff881ed0000 - 0x00007ff881ee6000 	C:\Program Files\Java\jdk-12.0.2\bin\VCRUNTIME140.dll
0x00007ff89e6c0000 - 0x00007ff89e76c000 	C:\WINDOWS\System32\ADVAPI32.dll
0x00007ff89df20000 - 0x00007ff89dfbe000 	C:\WINDOWS\System32\msvcrt.dll
0x00007ff89cf40000 - 0x00007ff89cfdb000 	C:\WINDOWS\System32\sechost.dll
0x00007ff89d370000 - 0x00007ff89d49a000 	C:\WINDOWS\System32\RPCRT4.dll
0x00007ff89dd20000 - 0x00007ff89dec0000 	C:\WINDOWS\System32\USER32.dll
0x00007ff89c090000 - 0x00007ff89c0b2000 	C:\WINDOWS\System32\win32u.dll
0x00007ff88b680000 - 0x00007ff88b91a000 	C:\WINDOWS\WinSxS\amd64_microsoft.windows.common-controls_6595b64144ccf1df_6.0.19041.1110_none_60b5254171f9507e\COMCTL32.dll
0x00007ff89cff0000 - 0x00007ff89d01a000 	C:\WINDOWS\System32\GDI32.dll
0x00007ff89c630000 - 0x00007ff89c73b000 	C:\WINDOWS\System32\gdi32full.dll
0x00007ff89c110000 - 0x00007ff89c1ad000 	C:\WINDOWS\System32\msvcp_win.dll
0x00007ff892c50000 - 0x00007ff892c5a000 	C:\WINDOWS\SYSTEM32\VERSION.dll
0x00007ff89e150000 - 0x00007ff89e180000 	C:\WINDOWS\System32\IMM32.DLL
0x00007ff874160000 - 0x00007ff87420a000 	C:\Program Files\Java\jdk-12.0.2\bin\msvcp140.dll
0x00007ff823c80000 - 0x00007ff8247f7000 	C:\Program Files\Java\jdk-12.0.2\bin\server\jvm.dll
0x00007ff89e880000 - 0x00007ff89e888000 	C:\WINDOWS\System32\PSAPI.DLL
0x00007ff87a170000 - 0x00007ff87a179000 	C:\WINDOWS\SYSTEM32\WSOCK32.dll
0x00007ff89e0e0000 - 0x00007ff89e14b000 	C:\WINDOWS\System32\WS2_32.dll
0x00007ff883800000 - 0x00007ff883827000 	C:\WINDOWS\SYSTEM32\WINMM.dll
0x00007ff899ef0000 - 0x00007ff899f02000 	C:\WINDOWS\SYSTEM32\kernel.appcore.dll
0x00007ff88b660000 - 0x00007ff88b671000 	C:\Program Files\Java\jdk-12.0.2\bin\verify.dll
0x00007ff893050000 - 0x00007ff893234000 	C:\WINDOWS\SYSTEM32\DBGHELP.DLL
0x00007ff882110000 - 0x00007ff88213c000 	C:\WINDOWS\SYSTEM32\dbgcore.DLL
0x00007ff89c8a0000 - 0x00007ff89c923000 	C:\WINDOWS\System32\bcryptPrimitives.dll
0x00007ff884360000 - 0x00007ff884386000 	C:\Program Files\Java\jdk-12.0.2\bin\java.dll
0x00007ff889ff0000 - 0x00007ff88a007000 	C:\Program Files\Java\jdk-12.0.2\bin\zip.dll
0x00007ff893500000 - 0x00007ff89350a000 	C:\Program Files\Java\jdk-12.0.2\bin\jimage.dll

dbghelp: loaded successfully - version: 4.0.5 - missing functions: none
symbol engine: initialized successfully - sym options: 0x614 - pdb path: .;C:\Program Files\Java\jdk-12.0.2\bin;C:\WINDOWS\SYSTEM32;C:\WINDOWS\WinSxS\amd64_microsoft.windows.common-controls_6595b64144ccf1df_6.0.19041.1110_none_60b5254171f9507e;C:\Program Files\Java\jdk-12.0.2\bin\server

VM Arguments:
jvm_args: -Dfile.encoding=Cp1252 
java_command: docComments.laptopList
java_class_path (initial): C:\Users\manya\eclipse-workspace\1410_DocComments_Review\bin
Launcher Type: SUN_STANDARD

[Global flags]
     intx CICompilerCount                          = 4                                         {product} {ergonomic}
     uint G1ConcRefinementThreads                  = 8                                         {product} {ergonomic}
   size_t G1HeapRegionSize                         = 1048576                                   {product} {ergonomic}
    uintx GCDrainStackTargetSize                   = 64                                        {product} {ergonomic}
   size_t InitialHeapSize                          = 134217728                                 {product} {ergonomic}
   size_t MaxHeapSize                              = 2126512128                                {product} {ergonomic}
   size_t MinHeapDeltaBytes                        = 1048576                                   {product} {ergonomic}
    uintx NonNMethodCodeHeapSize                   = 5836300                                {pd product} {ergonomic}
    uintx NonProfiledCodeHeapSize                  = 122910970                              {pd product} {ergonomic}
    uintx ProfiledCodeHeapSize                     = 122910970                              {pd product} {ergonomic}
    uintx ReservedCodeCacheSize                    = 251658240                              {pd product} {ergonomic}
     bool SegmentedCodeCache                       = true                                      {product} {ergonomic}
     bool UseCompressedClassPointers               = true                                 {lp64_product} {ergonomic}
     bool UseCompressedOops                        = true                                 {lp64_product} {ergonomic}
     bool UseG1GC                                  = true                                      {product} {ergonomic}
     bool UseLargePagesIndividualAllocation        = false                                  {pd product} {ergonomic}

Logging:
Log output configuration:
 #0: stdout all=warning uptime,level,tags
 #1: stderr all=off uptime,level,tags

Environment Variables:
PATH=C:/Program Files/Java/jdk-12.0.2/bin/server;C:/Program Files/Java/jdk-12.0.2/bin;C:\WINDOWS\system32;C:\WINDOWS;C:\WINDOWS\System32\Wbem;C:\WINDOWS\System32\WindowsPowerShell\v1.0\;C:\WINDOWS\System32\OpenSSH\;C:\Program Files\Java\jdk-12.0.2\bin\;c:\Program Files\Microsoft SQL Server\110\Tools\Binn\;c:\Program Files (x86)\Microsoft SQL Server\110\Tools\Binn\;c:\Program Files\Microsoft SQL Server\110\DTS\Binn\;c:\Program Files (x86)\Microsoft SQL Server\110\Tools\Binn\ManagementStudio\;c:\Program Files (x86)\Microsoft SQL Server\110\DTS\Binn\;C:\Program Files\dotnet\;C:\Program Files\Microsoft SQL Server\130\Tools\Binn\;C:\Program Files\Microsoft SQL Server\Client SDK\ODBC\170\Tools\Binn\;C:\Program Files (x86)\dotnet\;C:\Users\manya\AppData\Local\Microsoft\WindowsApps;C:\Users\manya\AppData\Local\Programs\Microsoft VS Code\bin;;C:\WINDOWS\System32;
USERNAME=manya
OS=Windows_NT
PROCESSOR_IDENTIFIER=Intel64 Family 6 Model 142 Stepping 10, GenuineIntel



---------------  S Y S T E M  ---------------

OS: Windows 10 , 64 bit Build 19041 (10.0.19041.1151)

CPU:total 8 (initial active 8) (4 cores per cpu, 2 threads per core) family 6 model 142 stepping 10, cmov, cx8, fxsr, mmx, sse, sse2, sse3, ssse3, sse4.1, sse4.2, popcnt, avx, avx2, aes, clmul, erms, 3dnowpref, lzcnt, ht, tsc, tscinvbit, bmi1, bmi2, adx, fma

Memory: 4k page, system-wide physical 8108M (1158M free)
TotalPageFile size 23249M (AvailPageFile size 6M)
current process WorkingSet (physical memory assigned to process): 9M, peak: 9M
current process commit charge ("private bytes"): 14M, peak: 15M

vm_info: Java HotSpot(TM) 64-Bit Server VM (12.0.2+10) for windows-amd64 JRE (12.0.2+10), built on Jul 16 2019 01:56:17 by "mach5one" with MS VC++ 15.5 (VS2017)

END.
